1599669239637	geckodriver	INFO	Listening on 127.0.0.1:60188
1599669242685	mozrunner::runner	INFO	Running command: "C:\\Program Files\\Mozilla Firefox\\firefox.exe" "--marionette" "-foreground" "-no-remote" "-profile" "C:\\Users\\LUKASZ~1\\AppData\\Local\\Temp\\rust_mozprofile3mifoV"
console.error: SearchCache: "_readCacheFile: Error reading cache file:" (new Error("", "(unknown module)"))
JavaScript error: resource://gre/modules/XULStore.jsm, line 66: Error: Can't find profile directory.
1599669246108	Marionette	INFO	Listening on port 60196
1599669246382	Marionette	WARN	TLS certificate errors will be ignored for this session
JavaScript error: resource://gre/modules/URIFixup.jsm, line 271: NS_ERROR_FAILURE: Should pass a non-null uri
1599669263869	Marionette	INFO	Stopped listening on port 60196

###!!! [Child][RunMessage] Error: Channel closing: too late to send/recv, messages will be lost


###!!! [Child][MessageChannel::SendAndWait] Error: Channel error: cannot send/recv

1599669367054	geckodriver	INFO	Listening on 127.0.0.1:60292
1599669370112	mozrunner::runner	INFO	Running command: "C:\\Program Files\\Mozilla Firefox\\firefox.exe" "--marionette" "-foreground" "-no-remote" "-profile" "C:\\Users\\LUKASZ~1\\AppData\\Local\\Temp\\rust_mozprofile41tQdC"
console.error: SearchCache: "_readCacheFile: Error reading cache file:" (new Error("", "(unknown module)"))
JavaScript error: resource://gre/modules/XULStore.jsm, line 66: Error: Can't find profile directory.
1599669373221	Marionette	INFO	Listening on port 60300
1599669373291	Marionette	WARN	TLS certificate errors will be ignored for this session
JavaScript error: resource://gre/modules/URIFixup.jsm, line 271: NS_ERROR_FAILURE: Should pass a non-null uri
1599669376862	Marionette	INFO	Stopped listening on port 60300

###!!! [Child][RunMessage] Error: Channel closing: too late to send/recv, messages will be lost


###!!! [Child][MessageChannel::SendAndWait] Error: Channel error: cannot send/recv

1599669397221	geckodriver	INFO	Listening on 127.0.0.1:60383
1599669400264	mozrunner::runner	INFO	Running command: "C:\\Program Files\\Mozilla Firefox\\firefox.exe" "--marionette" "-foreground" "-no-remote" "-profile" "C:\\Users\\LUKASZ~1\\AppData\\Local\\Temp\\rust_mozprofilesNwmw4"
console.error: SearchCache: "_readCacheFile: Error reading cache file:" (new Error("", "(unknown module)"))
JavaScript error: resource://gre/modules/XULStore.jsm, line 66: Error: Can't find profile directory.
1599669403520	Marionette	INFO	Listening on port 60391
1599669403930	Marionette	WARN	TLS certificate errors will be ignored for this session
JavaScript error: resource://gre/modules/URIFixup.jsm, line 271: NS_ERROR_FAILURE: Should pass a non-null uri
1599669420399	Marionette	INFO	Stopped listening on port 60391

###!!! [Child][RunMessage] Error: Channel closing: too late to send/recv, messages will be lost


###!!! [Child][MessageChannel::SendAndWait] Error: Channel error: cannot send/recv

1599669430714	geckodriver	INFO	Listening on 127.0.0.1:60484
1599669433758	mozrunner::runner	INFO	Running command: "C:\\Program Files\\Mozilla Firefox\\firefox.exe" "--marionette" "-foreground" "-no-remote" "-profile" "C:\\Users\\LUKASZ~1\\AppData\\Local\\Temp\\rust_mozprofilesKmFnV"
console.error: SearchCache: "_readCacheFile: Error reading cache file:" (new Error("", "(unknown module)"))
JavaScript error: resource://gre/modules/XULStore.jsm, line 66: Error: Can't find profile directory.
1599669437018	Marionette	INFO	Listening on port 60492
1599669437465	Marionette	WARN	TLS certificate errors will be ignored for this session
JavaScript error: resource://gre/modules/URIFixup.jsm, line 271: NS_ERROR_FAILURE: Should pass a non-null uri
1599669449293	Marionette	INFO	Stopped listening on port 60492

###!!! [Child][RunMessage] Error: Channel closing: too late to send/recv, messages will be lost


###!!! [Child][MessageChannel::SendAndWait] Error: Channel error: cannot send/recv

1599669577976	geckodriver	INFO	Listening on 127.0.0.1:60711
1599669581011	mozrunner::runner	INFO	Running command: "C:\\Program Files\\Mozilla Firefox\\firefox.exe" "--marionette" "-foreground" "-no-remote" "-profile" "C:\\Users\\LUKASZ~1\\AppData\\Local\\Temp\\rust_mozprofileaIDPvE"
console.error: SearchCache: "_readCacheFile: Error reading cache file:" (new Error("", "(unknown module)"))
JavaScript error: resource://gre/modules/XULStore.jsm, line 66: Error: Can't find profile directory.
1599669584010	Marionette	INFO	Listening on port 60719
1599669584183	Marionette	WARN	TLS certificate errors will be ignored for this session
JavaScript error: resource://gre/modules/URIFixup.jsm, line 271: NS_ERROR_FAILURE: Should pass a non-null uri
1599669603201	Marionette	INFO	Stopped listening on port 60719

###!!! [Child][RunMessage] Error: Channel closing: too late to send/recv, messages will be lost


###!!! [Child][MessageChannel::SendAndWait] Error: Channel error: cannot send/recv

1599669753277	geckodriver	INFO	Listening on 127.0.0.1:60872
1599669756309	mozrunner::runner	INFO	Running command: "C:\\Program Files\\Mozilla Firefox\\firefox.exe" "--marionette" "-foreground" "-no-remote" "-profile" "C:\\Users\\LUKASZ~1\\AppData\\Local\\Temp\\rust_mozprofileDLDAl9"
console.error: SearchCache: "_readCacheFile: Error reading cache file:" (new Error("", "(unknown module)"))
JavaScript error: resource://gre/modules/XULStore.jsm, line 66: Error: Can't find profile directory.
1599669759164	Marionette	INFO	Listening on port 60880
1599669759478	Marionette	WARN	TLS certificate errors will be ignored for this session
JavaScript error: resource://gre/modules/URIFixup.jsm, line 271: NS_ERROR_FAILURE: Should pass a non-null uri
1599670836311	Marionette	INFO	Stopped listening on port 60880

###!!! [Child][RunMessage] Error: Channel closing: too late to send/recv, messages will be lost


###!!! [Child][MessageChannel::SendAndWait] Error: Channel error: cannot send/recv

1599671022163	geckodriver	INFO	Listening on 127.0.0.1:61372
1599671025201	mozrunner::runner	INFO	Running command: "C:\\Program Files\\Mozilla Firefox\\firefox.exe" "--marionette" "-foreground" "-no-remote" "-profile" "C:\\Users\\LUKASZ~1\\AppData\\Local\\Temp\\rust_mozprofilejavXZt"
console.error: SearchCache: "_readCacheFile: Error reading cache file:" (new Error("", "(unknown module)"))
JavaScript error: resource://gre/modules/XULStore.jsm, line 66: Error: Can't find profile directory.
1599671028290	Marionette	INFO	Listening on port 61380
1599671028377	Marionette	WARN	TLS certificate errors will be ignored for this session
JavaScript error: resource://gre/modules/URIFixup.jsm, line 271: NS_ERROR_FAILURE: Should pass a non-null uri
1599671038752	Marionette	INFO	Stopped listening on port 61380

###!!! [Child][RunMessage] Error: Channel closing: too late to send/recv, messages will be lost


###!!! [Child][MessageChannel::SendAndWait] Error: Channel error: cannot send/recv

1599671446444	geckodriver	INFO	Listening on 127.0.0.1:61733
1599671449484	mozrunner::runner	INFO	Running command: "C:\\Program Files\\Mozilla Firefox\\firefox.exe" "--marionette" "-foreground" "-no-remote" "-profile" "C:\\Users\\LUKASZ~1\\AppData\\Local\\Temp\\rust_mozprofilecC30Il"
console.error: SearchCache: "_readCacheFile: Error reading cache file:" (new Error("", "(unknown module)"))
JavaScript error: resource://gre/modules/XULStore.jsm, line 66: Error: Can't find profile directory.
1599671452483	Marionette	INFO	Listening on port 61741
1599671452651	Marionette	WARN	TLS certificate errors will be ignored for this session
JavaScript error: resource://gre/modules/URIFixup.jsm, line 271: NS_ERROR_FAILURE: Should pass a non-null uri
JavaScript error: chrome://marionette/content/proxy.js, line 222: TypeError: this.browser.driver.dialogObserver is null
1599671502974	Marionette	INFO	Stopped listening on port 61741

###!!! [Child][RunMessage] Error: Channel closing: too late to send/recv, messages will be lost


###!!! [Child][MessageChannel::SendAndWait] Error: Channel error: cannot send/recv

unknown module)"))
JavaScript error: resource://gre/modules/XULStore.jsm, line 66: Error: Can't find profile directory.
1599671488801	Marionette	INFO	Listening on port 61788
1599671489098	Marionette	WARN	TLS certificate errors will be ignored for this session
JavaScript error: resource://gre/modules/URIFixup.jsm, line 271: NS_ERROR_FAILURE: Should pass a non-null uri
1599671500558	Marionette	INFO	Stopped listening on port 61788

###!!! [Child][RunMessage] Error: Channel closing: too late to send/recv, messages will be lost


###!!! [Child][MessageChannel::SendAndWait] Error: Channel error: cannot send/recv

1599676079636	geckodriver	INFO	Listening on 127.0.0.1:49738
1599676082663	mozrunner::runner	INFO	Running command: "C:\\Program Files\\Mozilla Firefox\\firefox.exe" "--marionette" "-foreground" "-no-remote" "-profile" "C:\\Users\\LUKASZ~1\\AppData\\Local\\Temp\\rust_mozprofile24mD83"
console.error: SearchCache: "_readCacheFile: Error reading cache file:" (new Error("", "(unknown module)"))
JavaScript error: resource://gre/modules/XULStore.jsm, line 66: Error: Can't find profile directory.
1599676085817	Marionette	INFO	Listening on port 49746
1599676086710	Marionette	INFO	Stopped listening on port 49746

###!!! [Child][RunMessage] Error: Channel closing: too late to send/recv, messages will be lost


###!!! [Child][MessageChannel::SendAndWait] Error: Channel error: cannot send/recv

1599676170821	geckodriver	INFO	Listening on 127.0.0.1:49808
1599676173846	mozrunner::runner	INFO	Running command: "C:\\Program Files\\Mozilla Firefox\\firefox.exe" "--marionette" "-foreground" "-no-remote" "-profile" "C:\\Users\\LUKASZ~1\\AppData\\Local\\Temp\\rust_mozprofilebm1k9D"
console.error: SearchCache: "_readCacheFile: Error reading cache file:" (new Error("", "(unknown module)"))
JavaScript error: resource://gre/modules/XULStore.jsm, line 66: Error: Can't find profile directory.
JavaScript error: resource://gre/modules/DeferredTask.jsm, line 215: Error: Unable to arm timer, the object has been finalized.

###!!! [Child][RunMessage] Error: Channel closing: too late to send/recv, messages will be lost


###!!! [Child][MessageChannel::SendAndWait] Error: Channel error: cannot send/recv

1600167963984	geckodriver	INFO	Listening on 127.0.0.1:59416
1600167967039	mozrunner::runner	INFO	Running command: "C:\\Program Files\\Mozilla Firefox\\firefox.exe" "--marionette" "-foreground" "-no-remote" "-profile" "C:\\Users\\LUKASZ~1\\AppData\\Local\\Temp\\rust_mozprofile5DIl5O"
console.error: SearchCache: "_readCacheFile: Error reading cache file:" (new Error("", "(unknown module)"))
JavaScript error: resource://gre/modules/XULStore.jsm, line 66: Error: Can't find profile directory.
1600167970019	Marionette	INFO	Listening on port 59424
1600167970227	Marionette	WARN	TLS certificate errors will be ignored for this session
JavaScript error: resource://gre/modules/URIFixup.jsm, line 271: NS_ERROR_FAILURE: Should pass a non-null uri
1600167981889	Marionette	INFO	Stopped listening on port 59424

###!!! [Child][RunMessage] Error: Channel closing: too late to send/recv, messages will be lost


###!!! [Child][MessageChannel::SendAndWait] Error: Channel error: cannot send/recv

1600168031125	geckodriver	INFO	Listening on 127.0.0.1:59522
1600168034185	mozrunner::runner	INFO	Running command: "C:\\Program Files\\Mozilla Firefox\\firefox.exe" "--marionette" "-foreground" "-no-remote" "-profile" "C:\\Users\\LUKASZ~1\\AppData\\Local\\Temp\\rust_mozprofileLwEZEu"
console.error: SearchCache: "_readCacheFile: Error reading cache file:" (new Error("", "(unknown module)"))
JavaScript error: resource://gre/modules/XULStore.jsm, line 66: Error: Can't find profile directory.
1600168037156	Marionette	INFO	Listening on port 59530
1600168037374	Marionette	WARN	TLS certificate errors will be ignored for this session
JavaScript error: resource://gre/modules/URIFixup.jsm, line 271: NS_ERROR_FAILURE: Should pass a non-null uri
1600168043417	Marionette	INFO	Stopped listening on port 59530

###!!! [Child][RunMessage] Error: Channel closing: too late to send/recv, messages will be lost


###!!! [Child][MessageChannel::SendAndWait] Error: Channel error: cannot send/recv

1600168508813	geckodriver	INFO	Listening on 127.0.0.1:54038
1600168511881	mozrunner::runner	INFO	Running command: "C:\\Program Files\\Mozilla Firefox\\firefox.exe" "--marionette" "-foreground" "-no-remote" "-profile" "C:\\Users\\LUKASZ~1\\AppData\\Local\\Temp\\rust_mozprofilepIVpzm"
console.error: SearchCache: "_readCacheFile: Error reading cache file:" (new Error("", "(unknown module)"))
JavaScript error: resource://gre/modules/XULStore.jsm, line 66: Error: Can't find profile directory.
1600168514981	Marionette	INFO	Listening on port 54046
1600168515079	Marionette	WARN	TLS certificate errors will be ignored for this session
JavaScript error: resource://gre/modules/URIFixup.jsm, line 271: NS_ERROR_FAILURE: Should pass a non-null uri
1600168522994	Marionette	INFO	Stopped listening on port 54046

###!!! [Child][RunMessage] Error: Channel closing: too late to send/recv, messages will be lost


###!!! [Child][MessageChannel::SendAndWait] Error: Channel error: cannot send/recv

1600168863466	geckodriver	INFO	Listening on 127.0.0.1:59058
1600168866496	mozrunner::runner	INFO	Running command: "C:\\Program Files\\Mozilla Firefox\\firefox.exe" "--marionette" "-foreground" "-no-remote" "-profile" "C:\\Users\\LUKASZ~1\\AppData\\Local\\Temp\\rust_mozprofile1u3fSj"
console.error: SearchCache: "_readCacheFile: Error reading cache file:" (new Error("", "(unknown module)"))
JavaScript error: resource://gre/modules/XULStore.jsm, line 66: Error: Can't find profile directory.
1600168869500	Marionette	INFO	Listening on port 59066
1600168869663	Marionette	WARN	TLS certificate errors will be ignored for this session
JavaScript error: resource://gre/modules/URIFixup.jsm, line 271: NS_ERROR_FAILURE: Should pass a non-null uri
1600168877552	Marionette	INFO	Stopped listening on port 59066

###!!! [Child][RunMessage] Error: Channel closing: too late to send/recv, messages will be lost


###!!! [Child][MessageChannel::SendAndWait] Error: Channel error: cannot send/recv

